<?xml version="1.0" encoding="UTF-8"?>
<!-- Generated by org.testng.reporters.JUnitReportReporter -->
<testsuite hostname="DESKTOP-C56VD1H" failures="0" tests="8" name="ujian.ujiankelima.cucumber.OutlineRunner" time="59.379" errors="0" timestamp="2022-09-24T19:35:30 WIB" skipped="0">
  <testcase classname="ujian.ujiankelima.cucumber.OutlineRunner" name="runScenario" time="8.271"/>
  <system-out/>
  <testcase classname="ujian.ujiankelima.cucumber.OutlineRunner" name="runScenario" time="10.219"/>
  <system-out/>
  <testcase classname="ujian.ujiankelima.cucumber.OutlineRunner" name="runScenario" time="8.111"/>
  <system-out/>
  <testcase classname="ujian.ujiankelima.cucumber.OutlineRunner" name="runScenario" time="7.531"/>
  <system-out/>
  <testcase classname="ujian.ujiankelima.cucumber.OutlineRunner" name="runScenario" time="5.828"/>
  <system-out/>
  <testcase classname="ujian.ujiankelima.cucumber.OutlineRunner" name="runScenario" time="5.754"/>
  <system-out/>
  <testcase classname="ujian.ujiankelima.cucumber.OutlineRunner" name="runScenario" time="5.773"/>
  <system-out/>
  <testcase classname="ujian.ujiankelima.cucumber.OutlineRunner" name="runScenario" time="7.892"/>
  <system-out/>
</testsuite> <!-- ujian.ujiankelima.cucumber.OutlineRunner -->
