<?xml version="1.0" encoding="UTF-8"?>
<!-- Generated by org.testng.reporters.JUnitReportReporter -->
<testsuite hostname="DESKTOP-C56VD1H" failures="0" tests="1" name="tugas.selenium.formy.FileUpload" time="21.851" errors="0" timestamp="2022-09-15T20:56:05 WIB" skipped="0">
  <testcase classname="tugas.selenium.formy.FileUpload" name="testFileUpload" time="21.851"/>
  <system-out/>
</testsuite> <!-- tugas.selenium.formy.FileUpload -->
