<?xml version="1.0" encoding="UTF-8"?>
<!-- Generated by org.testng.reporters.JUnitReportReporter -->
<testsuite hostname="DESKTOP-C56VD1H" failures="0" tests="1" name="latihan.selenium.CekJudulAuto" time="20.479" errors="0" timestamp="2022-09-13T10:03:48 WIB" skipped="0">
  <testcase classname="latihan.selenium.CekJudulAuto" name="cekGoogle" time="20.479"/>
  <system-out/>
</testsuite> <!-- latihan.selenium.CekJudulAuto -->
