<?xml version="1.0" encoding="UTF-8"?>
<!-- Generated by org.testng.reporters.JUnitReportReporter -->
<testsuite hostname="DESKTOP-C56VD1H" failures="0" tests="2" name="latihan.cucumber.LoginRunner" time="27.290" errors="0" timestamp="2022-09-19T14:46:10 WIB" skipped="0">
  <testcase classname="latihan.cucumber.LoginRunner" name="runScenario" time="10.574"/>
  <system-out/>
  <testcase classname="latihan.cucumber.LoginRunner" name="runScenario" time="16.716"/>
  <system-out/>
</testsuite> <!-- latihan.cucumber.LoginRunner -->
