<?xml version="1.0" encoding="UTF-8"?>
<!-- Generated by org.testng.reporters.JUnitReportReporter -->
<testsuite hostname="DESKTOP-C56VD1H" failures="0" tests="20" name="latihan.testrestassured.PostDataFromExcel" time="2.591" errors="0" timestamp="2022-09-17T16:05:39 WIB" skipped="0">
  <testcase classname="latihan.testrestassured.PostDataFromExcel" name="testPost" time="0.044"/>
  <system-out/>
  <testcase classname="latihan.testrestassured.PostDataFromExcel" name="testPost" time="0.061"/>
  <system-out/>
  <testcase classname="latihan.testrestassured.PostDataFromExcel" name="testPost" time="0.047"/>
  <system-out/>
  <testcase classname="latihan.testrestassured.PostDataFromExcel" name="testPost" time="0.045"/>
  <system-out/>
  <testcase classname="latihan.testrestassured.PostDataFromExcel" name="testPost" time="1.625"/>
  <system-out/>
  <testcase classname="latihan.testrestassured.PostDataFromExcel" name="testPost" time="0.057"/>
  <system-out/>
  <testcase classname="latihan.testrestassured.PostDataFromExcel" name="testPost" time="0.054"/>
  <system-out/>
  <testcase classname="latihan.testrestassured.PostDataFromExcel" name="testPost" time="0.060"/>
  <system-out/>
  <testcase classname="latihan.testrestassured.PostDataFromExcel" name="testPost" time="0.043"/>
  <system-out/>
  <testcase classname="latihan.testrestassured.PostDataFromExcel" name="testPost" time="0.059"/>
  <system-out/>
  <testcase classname="latihan.testrestassured.PostDataFromExcel" name="testPost" time="0.073"/>
  <system-out/>
  <testcase classname="latihan.testrestassured.PostDataFromExcel" name="testPost" time="0.042"/>
  <system-out/>
  <testcase classname="latihan.testrestassured.PostDataFromExcel" name="testPost" time="0.045"/>
  <system-out/>
  <testcase classname="latihan.testrestassured.PostDataFromExcel" name="testPost" time="0.045"/>
  <system-out/>
  <testcase classname="latihan.testrestassured.PostDataFromExcel" name="testPost" time="0.045"/>
  <system-out/>
  <testcase classname="latihan.testrestassured.PostDataFromExcel" name="testPost" time="0.044"/>
  <system-out/>
  <testcase classname="latihan.testrestassured.PostDataFromExcel" name="testPost" time="0.059"/>
  <system-out/>
  <testcase classname="latihan.testrestassured.PostDataFromExcel" name="testPost" time="0.057"/>
  <system-out/>
  <testcase classname="latihan.testrestassured.PostDataFromExcel" name="testPost" time="0.041"/>
  <system-out/>
  <testcase classname="latihan.testrestassured.PostDataFromExcel" name="testPost" time="0.045"/>
  <system-out/>
</testsuite> <!-- latihan.testrestassured.PostDataFromExcel -->
