<?xml version="1.0" encoding="UTF-8"?>
<!-- Generated by org.testng.reporters.JUnitReportReporter -->
<testsuite hostname="DESKTOP-C56VD1H" failures="0" tests="20" name="latihan.testrestassured.PostDataFromExcel" time="1.742" errors="0" timestamp="2022-09-12T14:23:28 WIB" skipped="0">
  <testcase classname="latihan.testrestassured.PostDataFromExcel" name="testPost" time="0.044"/>
  <system-out/>
  <testcase classname="latihan.testrestassured.PostDataFromExcel" name="testPost" time="0.046"/>
  <system-out/>
  <testcase classname="latihan.testrestassured.PostDataFromExcel" name="testPost" time="0.047"/>
  <system-out/>
  <testcase classname="latihan.testrestassured.PostDataFromExcel" name="testPost" time="0.045"/>
  <system-out/>
  <testcase classname="latihan.testrestassured.PostDataFromExcel" name="testPost" time="0.042"/>
  <system-out/>
  <testcase classname="latihan.testrestassured.PostDataFromExcel" name="testPost" time="0.058"/>
  <system-out/>
  <testcase classname="latihan.testrestassured.PostDataFromExcel" name="testPost" time="0.041"/>
  <system-out/>
  <testcase classname="latihan.testrestassured.PostDataFromExcel" name="testPost" time="0.046"/>
  <system-out/>
  <testcase classname="latihan.testrestassured.PostDataFromExcel" name="testPost" time="0.944"/>
  <system-out/>
  <testcase classname="latihan.testrestassured.PostDataFromExcel" name="testPost" time="0.030"/>
  <system-out/>
  <testcase classname="latihan.testrestassured.PostDataFromExcel" name="testPost" time="0.028"/>
  <system-out/>
  <testcase classname="latihan.testrestassured.PostDataFromExcel" name="testPost" time="0.045"/>
  <system-out/>
  <testcase classname="latihan.testrestassured.PostDataFromExcel" name="testPost" time="0.030"/>
  <system-out/>
  <testcase classname="latihan.testrestassured.PostDataFromExcel" name="testPost" time="0.030"/>
  <system-out/>
  <testcase classname="latihan.testrestassured.PostDataFromExcel" name="testPost" time="0.044"/>
  <system-out/>
  <testcase classname="latihan.testrestassured.PostDataFromExcel" name="testPost" time="0.047"/>
  <system-out/>
  <testcase classname="latihan.testrestassured.PostDataFromExcel" name="testPost" time="0.045"/>
  <system-out/>
  <testcase classname="latihan.testrestassured.PostDataFromExcel" name="testPost" time="0.043"/>
  <system-out/>
  <testcase classname="latihan.testrestassured.PostDataFromExcel" name="testPost" time="0.042"/>
  <system-out/>
  <testcase classname="latihan.testrestassured.PostDataFromExcel" name="testPost" time="0.045"/>
  <system-out/>
</testsuite> <!-- latihan.testrestassured.PostDataFromExcel -->
