<?xml version="1.0" encoding="UTF-8"?>
<!-- Generated by org.testng.reporters.JUnitReportReporter -->
<testsuite hostname="DESKTOP-C56VD1H" failures="0" tests="1" name="tugas.selenium.formy.CompleteWebForm" time="25.070" errors="0" timestamp="2022-09-15T20:34:50 WIB" skipped="0">
  <testcase classname="tugas.selenium.formy.CompleteWebForm" name="testCompleteWebForm" time="25.070"/>
  <system-out/>
</testsuite> <!-- tugas.selenium.formy.CompleteWebForm -->
