<?xml version="1.0" encoding="UTF-8"?>
<!-- Generated by org.testng.reporters.JUnitReportReporter -->
<testsuite hostname="DESKTOP-C56VD1H" failures="0" tests="1" name="ujian.ujiankeempat.nopcommerce.TestCommerce" time="23.659" errors="0" timestamp="2022-09-18T10:03:20 WIB" skipped="0">
  <testcase classname="ujian.ujiankeempat.nopcommerce.TestCommerce" name="testPromotions" time="23.659"/>
  <system-out/>
</testsuite> <!-- ujian.ujiankeempat.nopcommerce.TestCommerce -->
