<?xml version="1.0" encoding="UTF-8"?>
<!-- Generated by org.testng.reporters.JUnitReportReporter -->
<testsuite hostname="DESKTOP-C56VD1H" failures="0" tests="1" name="tugas.selenium.formy.SwitchWindow" time="26.869" errors="0" timestamp="2022-09-15T21:04:15 WIB" skipped="0">
  <testcase classname="tugas.selenium.formy.SwitchWindow" name="testSwitchWindow" time="26.869"/>
  <system-out/>
</testsuite> <!-- tugas.selenium.formy.SwitchWindow -->
