<?xml version="1.0" encoding="UTF-8"?>
<!-- Generated by org.testng.reporters.JUnitReportReporter -->
<testsuite hostname="DESKTOP-C56VD1H" failures="0" tests="1" name="tugas.selenium.formy.KeyboardAndMouse" time="8.138" errors="0" timestamp="2022-09-15T20:57:58 WIB" skipped="0">
  <testcase classname="tugas.selenium.formy.KeyboardAndMouse" name="testKeyboardAndMouse" time="8.138"/>
  <system-out/>
</testsuite> <!-- tugas.selenium.formy.KeyboardAndMouse -->
