<?xml version="1.0" encoding="UTF-8"?>
<!-- Generated by org.testng.reporters.JUnitReportReporter -->
<testsuite hostname="DESKTOP-C56VD1H" failures="0" tests="1" name="tugas.selenium.formy.PageScroll" time="26.531" errors="0" timestamp="2022-09-15T21:02:24 WIB" skipped="0">
  <testcase classname="tugas.selenium.formy.PageScroll" name="testPageScroll" time="26.531"/>
  <system-out/>
</testsuite> <!-- tugas.selenium.formy.PageScroll -->
