<?xml version="1.0" encoding="UTF-8"?>
<!-- Generated by org.testng.reporters.JUnitReportReporter -->
<testsuite hostname="DESKTOP-C56VD1H" failures="0" tests="12" name="ujian.ujiankeempat.openweather.ByZipCodeCountryCode" time="8.268" errors="0" timestamp="2022-09-18T16:24:11 WIB" skipped="0">
  <testcase classname="ujian.ujiankeempat.openweather.ByZipCodeCountryCode" name="testGet" time="0.514"/>
  <system-out/>
  <testcase classname="ujian.ujiankeempat.openweather.ByZipCodeCountryCode" name="testGet" time="0.505"/>
  <system-out/>
  <testcase classname="ujian.ujiankeempat.openweather.ByZipCodeCountryCode" name="testGet" time="0.544"/>
  <system-out/>
  <testcase classname="ujian.ujiankeempat.openweather.ByZipCodeCountryCode" name="testGet" time="0.408"/>
  <system-out/>
  <testcase classname="ujian.ujiankeempat.openweather.ByZipCodeCountryCode" name="testGet" time="0.715"/>
  <system-out/>
  <testcase classname="ujian.ujiankeempat.openweather.ByZipCodeCountryCode" name="testGet" time="0.456"/>
  <system-out/>
  <testcase classname="ujian.ujiankeempat.openweather.ByZipCodeCountryCode" name="testGet" time="0.512"/>
  <system-out/>
  <testcase classname="ujian.ujiankeempat.openweather.ByZipCodeCountryCode" name="testGet" time="2.584"/>
  <system-out/>
  <testcase classname="ujian.ujiankeempat.openweather.ByZipCodeCountryCode" name="testGet" time="0.501"/>
  <system-out/>
  <testcase classname="ujian.ujiankeempat.openweather.ByZipCodeCountryCode" name="testGet" time="0.508"/>
  <system-out/>
  <testcase classname="ujian.ujiankeempat.openweather.ByZipCodeCountryCode" name="testGet" time="0.505"/>
  <system-out/>
  <testcase classname="ujian.ujiankeempat.openweather.ByZipCodeCountryCode" name="testGet" time="0.516"/>
  <system-out/>
</testsuite> <!-- ujian.ujiankeempat.openweather.ByZipCodeCountryCode -->
