<?xml version="1.0" encoding="UTF-8"?>
<!-- Generated by org.testng.reporters.JUnitReportReporter -->
<testsuite hostname="DESKTOP-C56VD1H" failures="0" tests="15" name="ujian.ujiankeempat.openweather.ByCityName" time="4.507" errors="0" timestamp="2022-09-17T20:47:11 WIB" skipped="0">
  <testcase classname="ujian.ujiankeempat.openweather.ByCityName" name="testGet" time="0.238"/>
  <system-out/>
  <testcase classname="ujian.ujiankeempat.openweather.ByCityName" name="testGet" time="0.228"/>
  <system-out/>
  <testcase classname="ujian.ujiankeempat.openweather.ByCityName" name="testGet" time="0.222"/>
  <system-out/>
  <testcase classname="ujian.ujiankeempat.openweather.ByCityName" name="testGet" time="0.240"/>
  <system-out/>
  <testcase classname="ujian.ujiankeempat.openweather.ByCityName" name="testGet" time="0.213"/>
  <system-out/>
  <testcase classname="ujian.ujiankeempat.openweather.ByCityName" name="testGet" time="0.230"/>
  <system-out/>
  <testcase classname="ujian.ujiankeempat.openweather.ByCityName" name="testGet" time="0.232"/>
  <system-out/>
  <testcase classname="ujian.ujiankeempat.openweather.ByCityName" name="testGet" time="0.223"/>
  <system-out/>
  <testcase classname="ujian.ujiankeempat.openweather.ByCityName" name="testGet" time="0.229"/>
  <system-out/>
  <testcase classname="ujian.ujiankeempat.openweather.ByCityName" name="testGet" time="1.221"/>
  <system-out/>
  <testcase classname="ujian.ujiankeempat.openweather.ByCityName" name="testGet" time="0.261"/>
  <system-out/>
  <testcase classname="ujian.ujiankeempat.openweather.ByCityName" name="testGet" time="0.228"/>
  <system-out/>
  <testcase classname="ujian.ujiankeempat.openweather.ByCityName" name="testGet" time="0.256"/>
  <system-out/>
  <testcase classname="ujian.ujiankeempat.openweather.ByCityName" name="testGet" time="0.275"/>
  <system-out/>
  <testcase classname="ujian.ujiankeempat.openweather.ByCityName" name="testGet" time="0.211"/>
  <system-out/>
</testsuite> <!-- ujian.ujiankeempat.openweather.ByCityName -->
