<?xml version="1.0" encoding="UTF-8"?>
<!-- Generated by org.testng.reporters.JUnitReportReporter -->
<testsuite hostname="DESKTOP-C56VD1H" failures="0" tests="1" name="tugas.selenium.demoqa.TestTextBox" time="49.426" errors="0" timestamp="2022-09-16T21:37:05 WIB" skipped="0">
  <testcase classname="tugas.selenium.demoqa.TestTextBox" name="testTextBox" time="49.426"/>
  <system-out/>
</testsuite> <!-- tugas.selenium.demoqa.TestTextBox -->
