<?xml version="1.0" encoding="UTF-8"?>
<!-- Generated by org.testng.reporters.JUnitReportReporter -->
<testsuite hostname="DESKTOP-C56VD1H" failures="0" tests="2" name="ujian.ujiankedua.TestParseToNum" time="0.008" errors="0" timestamp="2022-09-06T11:50:53 WIB" skipped="0">
  <testcase classname="ujian.ujiankedua.TestParseToNum" name="TestInt" time="0.004"/>
  <system-out/>
  <testcase classname="ujian.ujiankedua.TestParseToNum" name="TestDouble" time="0.004"/>
  <system-out/>
</testsuite> <!-- ujian.ujiankedua.TestParseToNum -->
