<?xml version="1.0" encoding="UTF-8"?>
<!-- Generated by org.testng.reporters.JUnitReportReporter -->
<testsuite hostname="DESKTOP-C56VD1H" failures="0" tests="1" name="tugas.selenium.formy.Buttons" time="18.002" errors="0" timestamp="2022-09-15T20:26:41 WIB" skipped="0">
  <testcase classname="tugas.selenium.formy.Buttons" name="testButtons" time="18.002"/>
  <system-out/>
</testsuite> <!-- tugas.selenium.formy.Buttons -->
