<?xml version="1.0" encoding="UTF-8"?>
<!-- Generated by org.testng.reporters.JUnitReportReporter -->
<testsuite hostname="DESKTOP-C56VD1H" failures="0" tests="12" name="ujian.ujiankeempat.openweather.ByZipCodeCountryCode" time="14.658" errors="0" timestamp="2022-09-17T22:15:31 WIB" skipped="0">
  <testcase classname="ujian.ujiankeempat.openweather.ByZipCodeCountryCode" name="testGet" time="0.995"/>
  <system-out/>
  <testcase classname="ujian.ujiankeempat.openweather.ByZipCodeCountryCode" name="testGet" time="1.652"/>
  <system-out/>
  <testcase classname="ujian.ujiankeempat.openweather.ByZipCodeCountryCode" name="testGet" time="0.909"/>
  <system-out/>
  <testcase classname="ujian.ujiankeempat.openweather.ByZipCodeCountryCode" name="testGet" time="1.736"/>
  <system-out/>
  <testcase classname="ujian.ujiankeempat.openweather.ByZipCodeCountryCode" name="testGet" time="1.126"/>
  <system-out/>
  <testcase classname="ujian.ujiankeempat.openweather.ByZipCodeCountryCode" name="testGet" time="1.136"/>
  <system-out/>
  <testcase classname="ujian.ujiankeempat.openweather.ByZipCodeCountryCode" name="testGet" time="0.511"/>
  <system-out/>
  <testcase classname="ujian.ujiankeempat.openweather.ByZipCodeCountryCode" name="testGet" time="1.406"/>
  <system-out/>
  <testcase classname="ujian.ujiankeempat.openweather.ByZipCodeCountryCode" name="testGet" time="0.809"/>
  <system-out/>
  <testcase classname="ujian.ujiankeempat.openweather.ByZipCodeCountryCode" name="testGet" time="1.032"/>
  <system-out/>
  <testcase classname="ujian.ujiankeempat.openweather.ByZipCodeCountryCode" name="testGet" time="1.027"/>
  <system-out/>
  <testcase classname="ujian.ujiankeempat.openweather.ByZipCodeCountryCode" name="testGet" time="2.319"/>
  <system-out/>
</testsuite> <!-- ujian.ujiankeempat.openweather.ByZipCodeCountryCode -->
