<?xml version="1.0" encoding="UTF-8"?>
<!-- Generated by org.testng.reporters.JUnitReportReporter -->
<testsuite hostname="DESKTOP-C56VD1H" failures="0" tests="1" name="tugas.selenium.demoqa.forms.TestPracticeForm" time="29.559" errors="0" timestamp="2022-09-17T00:21:05 WIB" skipped="0">
  <testcase classname="tugas.selenium.demoqa.forms.TestPracticeForm" name="testPracticeForm" time="29.559"/>
  <system-out/>
</testsuite> <!-- tugas.selenium.demoqa.forms.TestPracticeForm -->
