<?xml version="1.0" encoding="UTF-8"?>
<!-- Generated by org.testng.reporters.JUnitReportReporter -->
<testsuite hostname="DESKTOP-C56VD1H" failures="0" tests="4" name="ujian.ujiankedua.TestMatematika" time="0.006" errors="0" timestamp="2022-09-06T13:50:35 WIB" skipped="0">
  <testcase classname="ujian.ujiankedua.TestMatematika" name="tesJumlah" time="0.001"/>
  <system-out/>
  <testcase classname="ujian.ujiankedua.TestMatematika" name="tesKurang" time="0.001"/>
  <system-out/>
  <testcase classname="ujian.ujiankedua.TestMatematika" name="tesBagi" time="0.002"/>
  <system-out/>
  <testcase classname="ujian.ujiankedua.TestMatematika" name="tesModulus" time="0.002"/>
  <system-out/>
</testsuite> <!-- ujian.ujiankedua.TestMatematika -->
