<?xml version="1.0" encoding="UTF-8"?>
<!-- Generated by org.testng.reporters.JUnitReportReporter -->
<testsuite hostname="DESKTOP-C56VD1H" failures="0" tests="1" name="tugas.selenium.formy.DatePicker" time="14.872" errors="0" timestamp="2022-09-15T20:37:59 WIB" skipped="0">
  <testcase classname="tugas.selenium.formy.DatePicker" name="testDatePicker" time="14.872"/>
  <system-out/>
</testsuite> <!-- tugas.selenium.formy.DatePicker -->
