<?xml version="1.0" encoding="UTF-8"?>
<!-- Generated by org.testng.reporters.JUnitReportReporter -->
<testsuite hostname="DESKTOP-C56VD1H" failures="0" tests="1" name="tugas.selenium.formy.RadioButtons" time="10.291" errors="0" timestamp="2022-09-15T21:03:08 WIB" skipped="0">
  <testcase classname="tugas.selenium.formy.RadioButtons" name="testRadioButtons" time="10.291"/>
  <system-out/>
</testsuite> <!-- tugas.selenium.formy.RadioButtons -->
