<?xml version="1.0" encoding="UTF-8"?>
<!-- Generated by org.testng.reporters.JUnitReportReporter -->
<testsuite hostname="DESKTOP-C56VD1H" failures="0" tests="6" name="latihan.cucumber.outline.OutlineRunner" time="29.324" errors="0" timestamp="2022-09-20T09:43:09 WIB" skipped="0">
  <testcase classname="latihan.cucumber.outline.OutlineRunner" name="runScenario" time="3.778"/>
  <system-out/>
  <testcase classname="latihan.cucumber.outline.OutlineRunner" name="runScenario" time="3.738"/>
  <system-out/>
  <testcase classname="latihan.cucumber.outline.OutlineRunner" name="runScenario" time="3.515"/>
  <system-out/>
  <testcase classname="latihan.cucumber.outline.OutlineRunner" name="runScenario" time="3.586"/>
  <system-out/>
  <testcase classname="latihan.cucumber.outline.OutlineRunner" name="runScenario" time="3.734"/>
  <system-out/>
  <testcase classname="latihan.cucumber.outline.OutlineRunner" name="runScenario" time="10.973"/>
  <system-out/>
</testsuite> <!-- latihan.cucumber.outline.OutlineRunner -->
