<?xml version="1.0" encoding="UTF-8"?>
<!-- Generated by org.testng.reporters.JUnitReportReporter -->
<testsuite hostname="DESKTOP-C56VD1H" failures="0" tests="6" name="ujian.ujiankeempat.nopcommerce.TestCommerce" time="92.694" errors="0" timestamp="2022-09-18T10:06:50 WIB" skipped="0">
  <testcase classname="ujian.ujiankeempat.nopcommerce.TestCommerce" name="testValidLogin" time="10.518"/>
  <system-out/>
  <testcase classname="ujian.ujiankeempat.nopcommerce.TestCommerce" name="testValidLoginUppercase" time="11.506"/>
  <system-out/>
  <testcase classname="ujian.ujiankeempat.nopcommerce.TestCommerce" name="testInvalidLogin" time="9.821"/>
  <system-out/>
  <testcase classname="ujian.ujiankeempat.nopcommerce.TestCommerce" name="testCustomer" time="16.326"/>
  <system-out/>
  <testcase classname="ujian.ujiankeempat.nopcommerce.TestCommerce" name="testProduct" time="22.197"/>
  <system-out/>
  <testcase classname="ujian.ujiankeempat.nopcommerce.TestCommerce" name="testPromotions" time="22.326"/>
  <system-out/>
</testsuite> <!-- ujian.ujiankeempat.nopcommerce.TestCommerce -->
