<?xml version="1.0" encoding="UTF-8"?>
<!-- Generated by org.testng.reporters.JUnitReportReporter -->
<testsuite hostname="DESKTOP-C56VD1H" failures="0" tests="3" name="latihan.pagefactoryobject.TestLogin" time="41.178" errors="0" timestamp="2022-09-15T14:23:51 WIB" skipped="0">
  <testcase classname="latihan.pagefactoryobject.TestLogin" name="testInvalidLoginEmptyField" time="11.139"/>
  <system-out/>
  <testcase classname="latihan.pagefactoryobject.TestLogin" name="testValidLoginUppercaseUsername" time="15.146"/>
  <system-out/>
  <testcase classname="latihan.pagefactoryobject.TestLogin" name="testValidLogin" time="14.893"/>
  <system-out/>
</testsuite> <!-- latihan.pagefactoryobject.TestLogin -->
