<?xml version="1.0" encoding="UTF-8"?>
<!-- Generated by org.testng.reporters.JUnitReportReporter -->
<testsuite hostname="DESKTOP-C56VD1H" failures="0" tests="1" name="tugas.selenium.formy.CheckBoxes" time="11.310" errors="0" timestamp="2022-09-15T20:31:29 WIB" skipped="0">
  <testcase classname="tugas.selenium.formy.CheckBoxes" name="testCheckBoxes" time="11.310"/>
  <system-out/>
</testsuite> <!-- tugas.selenium.formy.CheckBoxes -->
