<?xml version="1.0" encoding="UTF-8"?>
<!-- Generated by org.testng.reporters.JUnitReportReporter -->
<testsuite hostname="DESKTOP-C56VD1H" failures="0" tests="1" name="ujian.ujiankelima.selenium.TestShop" time="40.878" errors="0" timestamp="2022-09-24T14:45:58 WIB" skipped="0">
  <testcase classname="ujian.ujiankelima.selenium.TestShop" name="testLogin" time="40.878"/>
  <system-out/>
</testsuite> <!-- ujian.ujiankelima.selenium.TestShop -->
