<?xml version="1.0" encoding="UTF-8"?>
<!-- Generated by org.testng.reporters.JUnitReportReporter -->
<testsuite hostname="DESKTOP-C56VD1H" failures="0" tests="3" name="ujian.ujiankedua.TestGeometri" time="0.008" errors="0" timestamp="2022-09-06T11:50:53 WIB" skipped="0">
  <testcase classname="ujian.ujiankedua.TestGeometri" name="testLuasPersegi" time="0.003"/>
  <system-out/>
  <testcase classname="ujian.ujiankedua.TestGeometri" name="testLuasSegitiga" time="0.003"/>
  <system-out/>
  <testcase classname="ujian.ujiankedua.TestGeometri" name="testLuasTrapesium" time="0.002"/>
  <system-out/>
</testsuite> <!-- ujian.ujiankedua.TestGeometri -->
