<?xml version="1.0" encoding="UTF-8"?>
<!-- Generated by org.testng.reporters.JUnitReportReporter -->
<testsuite hostname="DESKTOP-C56VD1H" failures="0" tests="2" name="ujian.ujiankelima.testng.TestStringtoNum" time="0.016" errors="0" timestamp="2022-09-24T00:29:14 WIB" skipped="0">
  <testcase classname="ujian.ujiankelima.testng.TestStringtoNum" name="TestInt" time="0.012"/>
  <system-out/>
  <testcase classname="ujian.ujiankelima.testng.TestStringtoNum" name="TestDouble" time="0.004"/>
  <system-out/>
</testsuite> <!-- ujian.ujiankelima.testng.TestStringtoNum -->
