<?xml version="1.0" encoding="UTF-8"?>
<!-- Generated by org.testng.reporters.JUnitReportReporter -->
<testsuite hostname="DESKTOP-C56VD1H" failures="0" tests="1" name="latihan.TestSorting" time="0.010" errors="0" timestamp="2022-09-06T13:50:35 WIB" skipped="0">
  <testcase classname="latihan.TestSorting" name="testSatu" time="0.010"/>
  <system-out/>
</testsuite> <!-- latihan.TestSorting -->
