<?xml version="1.0" encoding="UTF-8"?>
<!-- Generated by org.testng.reporters.JUnitReportReporter -->
<testsuite hostname="DESKTOP-C56VD1H" failures="0" tests="8" name="ujian.ujiankelima.cucumber.OutlineRunner" time="65.347" errors="0" timestamp="2022-09-25T10:26:15 WIB" skipped="0">
  <testcase classname="ujian.ujiankelima.cucumber.OutlineRunner" name="runScenario" time="10.309"/>
  <system-out/>
  <testcase classname="ujian.ujiankelima.cucumber.OutlineRunner" name="runScenario" time="6.197"/>
  <system-out/>
  <testcase classname="ujian.ujiankelima.cucumber.OutlineRunner" name="runScenario" time="7.126"/>
  <system-out/>
  <testcase classname="ujian.ujiankelima.cucumber.OutlineRunner" name="runScenario" time="5.902"/>
  <system-out/>
  <testcase classname="ujian.ujiankelima.cucumber.OutlineRunner" name="runScenario" time="13.880"/>
  <system-out/>
  <testcase classname="ujian.ujiankelima.cucumber.OutlineRunner" name="runScenario" time="9.919"/>
  <system-out/>
  <testcase classname="ujian.ujiankelima.cucumber.OutlineRunner" name="runScenario" time="5.925"/>
  <system-out/>
  <testcase classname="ujian.ujiankelima.cucumber.OutlineRunner" name="runScenario" time="6.089"/>
  <system-out/>
</testsuite> <!-- ujian.ujiankelima.cucumber.OutlineRunner -->
