<?xml version="1.0" encoding="UTF-8"?>
<!-- Generated by org.testng.reporters.JUnitReportReporter -->
<testsuite hostname="DESKTOP-C56VD1H" failures="0" tests="3" name="ujian.ujiankeempat.nopcommerce.TestLogin" time="37.551" errors="0" timestamp="2022-09-18T02:12:43 WIB" skipped="0">
  <testcase classname="ujian.ujiankeempat.nopcommerce.TestLogin" name="testValidLogin" time="14.818"/>
  <system-out/>
  <testcase classname="ujian.ujiankeempat.nopcommerce.TestLogin" name="testValidLoginUppercase" time="13.909"/>
  <system-out/>
  <testcase classname="ujian.ujiankeempat.nopcommerce.TestLogin" name="testInvalidLogin" time="8.824"/>
  <system-out/>
</testsuite> <!-- ujian.ujiankeempat.nopcommerce.TestLogin -->
