<?xml version="1.0" encoding="UTF-8"?>
<!-- Generated by org.testng.reporters.JUnitReportReporter -->
<testsuite hostname="DESKTOP-C56VD1H" failures="0" tests="1" name="tugas.selenium.formy.Modal" time="151.390" errors="0" timestamp="2022-09-15T21:01:15 WIB" skipped="0">
  <testcase classname="tugas.selenium.formy.Modal" name="testModal" time="151.390"/>
  <system-out/>
</testsuite> <!-- tugas.selenium.formy.Modal -->
