<?xml version="1.0" encoding="UTF-8"?>
<!-- Generated by org.testng.reporters.JUnitReportReporter -->
<testsuite hostname="DESKTOP-C56VD1H" failures="0" tests="1" name="latihan.testrestassured.SampleRestAssured" time="2.283" errors="0" timestamp="2022-09-12T11:04:47 WIB" skipped="0">
  <testcase classname="latihan.testrestassured.SampleRestAssured" name="testGet" time="2.283"/>
  <system-out/>
</testsuite> <!-- latihan.testrestassured.SampleRestAssured -->
