<?xml version="1.0" encoding="UTF-8"?>
<!-- Generated by org.testng.reporters.JUnitReportReporter -->
<testsuite hostname="DESKTOP-C56VD1H" failures="0" tests="1" name="tugas.selenium.formy.AutoComplete" time="96.078" errors="0" timestamp="2022-09-15T20:20:30 WIB" skipped="0">
  <testcase classname="tugas.selenium.formy.AutoComplete" name="testAutoComplete" time="96.078"/>
  <system-out/>
</testsuite> <!-- tugas.selenium.formy.AutoComplete -->
